2019-10-02 09:39:47 INFO  AccountController:34 - Begin findAllTable
2019-10-02 09:39:48 INFO  AccountController:46 - END findAllTable
2019-10-02 09:39:59 INFO  AccountController:34 - Begin findAllTable
2019-10-02 09:39:59 INFO  AccountController:46 - END findAllTable
2019-10-02 09:40:04 INFO  AccountController:34 - Begin findAllTable
2019-10-02 09:40:05 INFO  AccountController:46 - END findAllTable
2019-10-02 09:40:06 INFO  ManagerController:40 - Begin getInfoTable
2019-10-02 09:40:06 INFO  ManagerService:45 - Begin getInfoOfBill
2019-10-02 09:40:06 INFO  ManagerService:76 - END getInfoOfBill
2019-10-02 09:40:06 ERROR ManagerController:47 - java.lang.Exception: This table is currently empty
2019-10-02 09:40:06 INFO  ManagerController:52 - END getInfoTable
2019-10-02 09:40:10 INFO  ManagerController:40 - Begin getInfoTable
2019-10-02 09:40:10 INFO  ManagerService:45 - Begin getInfoOfBill
2019-10-02 09:40:10 INFO  ManagerService:76 - END getInfoOfBill
2019-10-02 09:40:10 ERROR ManagerController:47 - java.lang.Exception: This table is currently empty
2019-10-02 09:40:10 INFO  ManagerController:52 - END getInfoTable
2019-10-02 09:41:05 INFO  AccountController:34 - Begin findAllTable
2019-10-02 09:41:05 INFO  AccountController:46 - END findAllTable
2019-10-02 09:41:10 INFO  ManagerController:40 - Begin getInfoTable
2019-10-02 09:41:10 INFO  ManagerService:45 - Begin getInfoOfBill
2019-10-02 09:41:10 INFO  ManagerService:76 - END getInfoOfBill
2019-10-02 09:41:10 ERROR ManagerController:47 - java.lang.Exception: This table is currently empty
2019-10-02 09:41:10 INFO  ManagerController:52 - END getInfoTable
2019-10-02 12:27:11 INFO  AccountController:35 - Begin findAllAccount
2019-10-02 12:27:11 INFO  AccountService:25 - Begin findAllAccount
2019-10-02 12:27:11 INFO  AccountService:29 - END findAllAccount
2019-10-02 12:27:11 INFO  AccountController:47 - END findAllAccount
2019-10-02 21:06:47 INFO  AccountController:34 - Begin findAllTable
2019-10-02 21:06:48 INFO  AccountController:46 - END findAllTable
2019-10-02 21:28:56 INFO  AccountController:34 - Begin findAllTable
2019-10-02 21:28:56 INFO  AccountController:46 - END findAllTable
2019-10-02 21:35:54 INFO  AccountController:34 - Begin findAllTable
2019-10-02 21:35:54 INFO  AccountController:46 - END findAllTable
2019-10-02 21:57:27 INFO  AccountController:34 - Begin findAllTable
2019-10-02 21:57:27 INFO  AccountController:46 - END findAllTable
2019-10-02 21:59:07 INFO  AccountController:34 - Begin findAllTable
2019-10-02 21:59:07 INFO  AccountController:46 - END findAllTable
2019-10-02 22:01:33 INFO  AccountController:34 - Begin findAllTable
2019-10-02 22:01:33 INFO  AccountController:46 - END findAllTable
2019-10-02 22:34:09 INFO  AccountController:34 - Begin findAllTable
2019-10-02 22:34:09 INFO  AccountController:46 - END findAllTable
2019-10-02 22:34:25 INFO  AccountController:34 - Begin findAllTable
2019-10-02 22:34:25 INFO  AccountController:46 - END findAllTable
2019-10-02 22:35:49 INFO  AccountController:34 - Begin findAllTable
2019-10-02 22:35:49 INFO  AccountController:46 - END findAllTable
2019-10-02 22:38:49 INFO  AccountController:34 - Begin findAllTable
2019-10-02 22:38:49 INFO  AccountController:46 - END findAllTable
2019-10-02 22:41:05 INFO  AccountController:34 - Begin findAllTable
2019-10-02 22:41:05 INFO  AccountController:46 - END findAllTable
2019-10-02 23:25:28 INFO  AccountController:35 - Begin findAllAccount
2019-10-02 23:25:28 INFO  AccountService:25 - Begin findAllAccount
2019-10-02 23:25:29 INFO  AccountService:29 - END findAllAccount
2019-10-02 23:25:29 INFO  AccountController:47 - END findAllAccount
2019-10-02 23:28:30 INFO  AccountController:35 - Begin findAllAccount
2019-10-02 23:28:30 INFO  AccountService:25 - Begin findAllAccount
2019-10-02 23:28:31 INFO  AccountService:29 - END findAllAccount
2019-10-02 23:28:31 INFO  AccountController:47 - END findAllAccount
